[debug] [2018-07-19T07:07:30.749Z] ----------------------------------------------------------------------
[debug] [2018-07-19T07:07:30.807Z] Command:       C:\Program Files\nodejs\node.exe C:\Users\Jonathan\AppData\Roaming\npm\node_modules\firebase-tools\bin\firebase serve
[debug] [2018-07-19T07:07:30.809Z] CLI Version:   3.19.3
[debug] [2018-07-19T07:07:30.809Z] Platform:      win32
[debug] [2018-07-19T07:07:30.810Z] Node Version:  v6.11.0
[debug] [2018-07-19T07:07:30.811Z] Time:          Thu Jul 19 2018 04:07:30 GMT-0300 (Argentina Standard Time)
[debug] [2018-07-19T07:07:30.812Z] ----------------------------------------------------------------------
[debug] 
[debug] [2018-07-19T07:07:31.065Z] > command requires scopes: ["email","openid","https://www.googleapis.com/auth/cloudplatformprojects.readonly","https://www.googleapis.com/auth/firebase","https://www.googleapis.com/auth/cloud-platform"]
[debug] [2018-07-19T07:07:31.069Z] > authorizing via signed-in user
[debug] [2018-07-19T07:07:31.084Z] >>> HTTP REQUEST GET https://admin.firebase.com/v1/projects/panicbutton-1525105633835  
  
 Thu Jul 19 2018 04:07:31 GMT-0300 (Argentina Standard Time)
[debug] [2018-07-19T07:07:32.337Z] <<< HTTP RESPONSE 200
[debug] [2018-07-19T07:07:32.340Z] >>> HTTP REQUEST GET https://admin.firebase.com/v1/database/panicbutton-1525105633835/tokens  
  
 Thu Jul 19 2018 04:07:32 GMT-0300 (Argentina Standard Time)
[debug] [2018-07-19T07:07:33.225Z] <<< HTTP RESPONSE 200
[debug] [2018-07-19T07:07:33.228Z] >>> HTTP REQUEST GET https://cloudresourcemanager.googleapis.com/v1/projects/panicbutton-1525105633835  
  
 Thu Jul 19 2018 04:07:33 GMT-0300 (Argentina Standard Time)
[debug] [2018-07-19T07:07:34.002Z] <<< HTTP RESPONSE 200
[info] 
[info] === Serving from 'C:\wamp\www\collabs\ReactJS\simply-panic'...
[info] 
[info] i  functions: Preparing to emulate functions.
[debug] [2018-07-19T07:07:40.400Z] Fetching environment
[debug] [2018-07-19T07:07:40.410Z] >>> HTTP REQUEST GET https://mobilesdk-pa.googleapis.com/v1/projects/152743131771:getServerAppConfig  
  
 Thu Jul 19 2018 04:07:40 GMT-0300 (Argentina Standard Time)
[debug] [2018-07-19T07:07:40.413Z] >>> HTTP REQUEST GET https://mobilesdk-pa.googleapis.com/v1/projects/152743131771/clients/_:getWebAppConfig  
  
 Thu Jul 19 2018 04:07:40 GMT-0300 (Argentina Standard Time)
[debug] [2018-07-19T07:07:41.165Z] <<< HTTP RESPONSE 200
[debug] [2018-07-19T07:07:41.166Z] Starting @google-cloud/functions-emulator
[debug] [2018-07-19T07:07:41.452Z] <<< HTTP RESPONSE 200
[info] +  hosting: Local server: http://localhost:5000

[warn] !  functions: Error from emulator. Error: Emulator crashed! Check the log file...
[debug] [2018-07-19T07:07:42.271Z] Error: Emulator crashed! Check the log file...
    at ChildProcess.child.on (C:\Users\Jonathan\AppData\Roaming\npm\node_modules\firebase-tools\node_modules\@google-cloud\functions-emulator\src\cli\controller.js:650:24)
    at emitTwo (events.js:106:13)
    at ChildProcess.emit (events.js:191:7)
    at Process.ChildProcess._handle.onexit (internal/child_process.js:215:12)
